=== Starting WebP conversion ===
Quality: 80
Started at: Fri Jan  9 03:35:43 CET 2026

Converted: 100 frames...
Converted: 200 frames...
Converted: 300 frames...
Converted: 400 frames...
Converted: 500 frames...
Converted: 600 frames...
Converted: 700 frames...
Converted: 800 frames...
Converted: 900 frames...
Converted: 1000 frames...
Converted: 1100 frames...
Converted: 1200 frames...
Converted: 1300 frames...
Converted: 1400 frames...
Converted: 1500 frames...
Converted: 1600 frames...
Converted: 1700 frames...
Converted: 1800 frames...
Converted: 1900 frames...
Converted: 2000 frames...
Converted: 2100 frames...
Converted: 2200 frames...
Converted: 2300 frames...
Converted: 2400 frames...
Converted: 2500 frames...
Converted: 2600 frames...
Converted: 2700 frames...
Converted: 2800 frames...
Converted: 2900 frames...
Converted: 3000 frames...
Converted: 3100 frames...
Converted: 3200 frames...
Converted: 3300 frames...
Converted: 3400 frames...
Converted: 3500 frames...
Converted: 3600 frames...
Converted: 3700 frames...
Converted: 3800 frames...
Converted: 3900 frames...
Converted: 4000 frames...
Converted: 4100 frames...
Converted: 4200 frames...
Converted: 4300 frames...
Converted: 4400 frames...
Converted: 4500 frames...
Converted: 4600 frames...
Converted: 4700 frames...
Converted: 4800 frames...
Converted: 4900 frames...
Converted: 5000 frames...
Converted: 5100 frames...
Converted: 5200 frames...
Converted: 5300 frames...
Converted: 5400 frames...
Converted: 5500 frames...
Converted: 5600 frames...
Converted: 5700 frames...
Converted: 5800 frames...
Converted: 5900 frames...
Converted: 6000 frames...
Converted: 6100 frames...
Converted: 6200 frames...
Converted: 6300 frames...
Converted: 6400 frames...
Converted: 6500 frames...
Converted: 6600 frames...
Converted: 6700 frames...
Converted: 6800 frames...
Converted: 6900 frames...
Converted: 7000 frames...
Converted: 7100 frames...
Converted: 7200 frames...
Converted: 7300 frames...
Converted: 7400 frames...
Converted: 7500 frames...
Converted: 7600 frames...
Converted: 7700 frames...
Converted: 7800 frames...
Converted: 7900 frames...
Converted: 8000 frames...
Converted: 8100 frames...
Converted: 8200 frames...
Converted: 8300 frames...
Converted: 8400 frames...
Converted: 8500 frames...
Converted: 8600 frames...
Converted: 8700 frames...
Converted: 8800 frames...
Converted: 8900 frames...
Converted: 9000 frames...
Converted: 9100 frames...
Converted: 9200 frames...
Converted: 9300 frames...
Converted: 9400 frames...
Converted: 9500 frames...
Converted: 9600 frames...
Converted: 9700 frames...
Converted: 9800 frames...
Converted: 9900 frames...
Converted: 10000 frames...
Converted: 10100 frames...
Converted: 10200 frames...
Converted: 10300 frames...
Converted: 10400 frames...
Converted: 10500 frames...
Converted: 10600 frames...
Converted: 10700 frames...
Converted: 10800 frames...
Converted: 10900 frames...
Converted: 11000 frames...
Converted: 11100 frames...
Converted: 11200 frames...
Converted: 11300 frames...
Converted: 11400 frames...
Converted: 11500 frames...
Converted: 11600 frames...
Converted: 11700 frames...
Converted: 11800 frames...
Converted: 11900 frames...
Converted: 12000 frames...
Converted: 12100 frames...
Converted: 12200 frames...
Converted: 12300 frames...
Converted: 12400 frames...

=== Conversion complete ===
Finished at: Fri Jan  9 05:03:50 CET 2026
Duration: 88 minutes

=== Size comparison ===
Original JPGs: 797M
New WebPs: 1.5M

Done! You can now update the code to use .webp instead of .jpg
